#
# A fatal error has been detected by the Java Runtime Environment:
#
#  Internal Error (javaCalls.cpp:51), pid=5088, tid=0x0000000000001228
#  guarantee(thread->is_Java_thread()) failed: crucial check - the VM thread cannot and must not escape to Java code
#
# JRE version: Java(TM) SE Runtime Environment (8.0_181-b13) (build 1.8.0_181-b13)
# Java VM: Java HotSpot(TM) 64-Bit Server VM (25.181-b13 mixed mode windows-amd64 compressed oops)
# Failed to write core dump. Minidumps are not enabled by default on client versions of Windows
#
# If you would like to submit a bug report, please visit:
#   http://bugreport.java.com/bugreport/crash.jsp
#

---------------  T H R E A D  ---------------

Current thread (0x0000000017828000):  VMThread [stack: 0x00000000188c0000,0x00000000189c0000] [id=4648]

Stack: [0x00000000188c0000,0x00000000189c0000]
[error occurred during error reporting (printing stack bounds), id 0xc0000005]

Native frames: (J=compiled Java code, j=interpreted, Vv=VM code, C=native code)

VM_Operation (0x0000000018faf8a0): GetOrSetLocal, mode: safepoint, requested by thread 0x0000000017866000


---------------  P R O C E S S  ---------------

Java Threads: ( => current thread )
  0x00000000192ba000 JavaThread "Service Thread" daemon [_thread_blocked, id=12752, stack(0x00000000198b0000,0x00000000199b0000)]
  0x000000001923f000 JavaThread "C1 CompilerThread2" daemon [_thread_blocked, id=6880, stack(0x00000000197b0000,0x00000000198b0000)]
  0x000000001923c000 JavaThread "C2 CompilerThread1" daemon [_thread_blocked, id=10040, stack(0x00000000196b0000,0x00000000197b0000)]
  0x000000001923a800 JavaThread "C2 CompilerThread0" daemon [_thread_blocked, id=10628, stack(0x00000000195b0000,0x00000000196b0000)]
  0x000000001787a800 JavaThread "JDWP Command Reader" daemon [_thread_in_native, id=10776, stack(0x00000000190b0000,0x00000000191b0000)]
  0x0000000017872800 JavaThread "JDWP Event Helper Thread" daemon [_thread_blocked, id=9524, stack(0x0000000018fb0000,0x00000000190b0000)]
  0x0000000017866000 JavaThread "JDWP Transport Listener: dt_socket" daemon [_thread_blocked, id=8980, stack(0x0000000018eb0000,0x0000000018fb0000)]
  0x000000001785f000 JavaThread "Attach Listener" daemon [_thread_blocked, id=3192, stack(0x0000000018db0000,0x0000000018eb0000)]
  0x000000001785d800 JavaThread "Signal Dispatcher" daemon [_thread_blocked, id=296, stack(0x0000000018cb0000,0x0000000018db0000)]
  0x000000001784a800 JavaThread "Finalizer" daemon [_thread_blocked, id=5048, stack(0x0000000018ac0000,0x0000000018bc0000)]
  0x0000000002d24000 JavaThread "Reference Handler" daemon [_thread_blocked, id=9756, stack(0x00000000189c0000,0x0000000018ac0000)]
  0x0000000002c33800 JavaThread "main" [_thread_blocked, id=12892, stack(0x0000000002970000,0x0000000002a70000)]

Other Threads:
=>0x0000000017828000 VMThread [stack: 0x00000000188c0000,0x00000000189c0000] [id=4648]
  0x00000000192e4800 WatcherThread [stack: 0x00000000199b0000,0x0000000019ab0000] [id=10204]

VM state:at safepoint (normal execution)

VM Mutex/Monitor currently owned by a thread:  ([mutex/lock_event])
[0x0000000002c309d0] Threads_lock - owner thread: 0x0000000017828000

Heap:
 PSYoungGen      total 38400K, used 2670K [0x00000000d5f00000, 0x00000000d8980000, 0x0000000100000000)
  eden space 33280K, 8% used [0x00000000d5f00000,0x00000000d619bbd0,0x00000000d7f80000)
  from space 5120K, 0% used [0x00000000d8480000,0x00000000d8480000,0x00000000d8980000)
  to   space 5120K, 0% used [0x00000000d7f80000,0x00000000d7f80000,0x00000000d8480000)
 ParOldGen       total 87552K, used 0K [0x0000000081c00000, 0x0000000087180000, 0x00000000d5f00000)
  object space 87552K, 0% used [0x0000000081c00000,0x0000000081c00000,0x0000000087180000)
 Metaspace       used 3187K, capacity 4664K, committed 4864K, reserved 1056768K
  class space    used 344K, capacity 424K, committed 512K, reserved 1048576K

Card table byte_map: [0x00000000120f0000,0x00000000124f0000] byte_map_base: 0x0000000011ce2000

Marking Bits: (ParMarkBitMap*) 0x0000000068d22d00
 Begin Bits: [0x0000000012ba0000, 0x0000000014b30000)
 End Bits:   [0x0000000014b30000, 0x0000000016ac0000)

Polling page: 0x0000000002a70000

CodeCache: size=245760Kb used=1124Kb max_used=1127Kb free=244635Kb
 bounds [0x0000000002d30000, 0x0000000002fa0000, 0x0000000011d30000]
 total_blobs=268 nmethods=31 adapters=158
 compilation: enabled

Compilation events (10 events):
Event: 0.174 Thread 0x000000001923f000   27       3       sun.nio.cs.UTF_8$Encoder::encode (359 bytes)
Event: 0.175 Thread 0x000000001923f000 nmethod 27 0x0000000002e48610 code [0x0000000002e48800, 0x0000000002e49378]
Event: 0.175 Thread 0x000000001923f000   28       1       java.lang.String::length (6 bytes)
Event: 0.175 Thread 0x000000001923f000 nmethod 28 0x0000000002e45fd0 code [0x0000000002e46120, 0x0000000002e46230]
Event: 0.175 Thread 0x000000001923f000   29       3       java.lang.String::indexOf (166 bytes)
Event: 0.175 Thread 0x000000001923f000 nmethod 29 0x0000000002e47a10 code [0x0000000002e47bc0, 0x0000000002e48210]
Event: 0.175 Thread 0x000000001923f000   30       3       java.lang.String::indexOf (7 bytes)
Event: 0.175 Thread 0x000000001923f000 nmethod 30 0x0000000002e45b90 code [0x0000000002e45d00, 0x0000000002e45f28]
Event: 0.179 Thread 0x000000001923f000   31       3       java.util.HashMap::get (23 bytes)
Event: 0.180 Thread 0x000000001923f000 nmethod 31 0x0000000002e47310 code [0x0000000002e474a0, 0x0000000002e478b8]

GC Heap History (0 events):
No events

Deoptimization events (0 events):
No events

Classes redefined (4 events):
Event: 2098.000 Thread 0x0000000017828000 redefined class name=Percolation, count=1
Event: 2114.499 Thread 0x0000000017828000 redefined class name=Percolation, count=2
Event: 2156.958 Thread 0x0000000017828000 redefined class name=Percolation, count=3
Event: 2239.028 Thread 0x0000000017828000 redefined class name=Percolation, count=4

Internal exceptions (2 events):
Event: 0.038 Thread 0x0000000002c33800 Exception <a 'java/lang/NoSuchMethodError': Method sun.misc.Unsafe.defineClass(Ljava/lang/String;[BII)Ljava/lang/Class; name or signature does not match> (0x00000000d5f07cb0) thrown at [C:\re\workspace\8-2-build-windows-amd64-cygwin\jdk8u181\11358\hotspot
Event: 0.038 Thread 0x0000000002c33800 Exception <a 'java/lang/NoSuchMethodError': Method sun.misc.Unsafe.prefetchRead(Ljava/lang/Object;J)V name or signature does not match> (0x00000000d5f07f98) thrown at [C:\re\workspace\8-2-build-windows-amd64-cygwin\jdk8u181\11358\hotspot\src\share\vm\prim

Events (10 events):
Event: 2309.619 Executing VM operation: EnterInterpOnlyMode done
Event: 2309.619 Executing VM operation: GetCurrentLocation
Event: 2309.619 Executing VM operation: GetCurrentLocation done
Event: 2309.619 Executing VM operation: ChangeSingleStep
Event: 2309.619 Executing VM operation: ChangeSingleStep done
Event: 2309.620 Executing VM operation: ChangeSingleStep
Event: 2309.620 Executing VM operation: ChangeSingleStep done
Event: 2309.620 Executing VM operation: ForceSafepoint
Event: 2309.620 Executing VM operation: ForceSafepoint done
Event: 2309.635 Executing VM operation: GetOrSetLocal


Dynamic libraries:
0x00007ff6ebc00000 - 0x00007ff6ebc37000 	C:\Program Files\Java\jdk1.8.0_181\bin\java.exe
0x00007ffdb16c0000 - 0x00007ffdb18a1000 	C:\WINDOWS\SYSTEM32\ntdll.dll
0x00007ffdaed10000 - 0x00007ffdaedc2000 	C:\WINDOWS\System32\KERNEL32.DLL
0x00007ffdaded0000 - 0x00007ffdae143000 	C:\WINDOWS\System32\KERNELBASE.dll
0x00007ffdb0750000 - 0x00007ffdb07f1000 	C:\WINDOWS\System32\ADVAPI32.dll
0x00007ffdb0de0000 - 0x00007ffdb0e7e000 	C:\WINDOWS\System32\msvcrt.dll
0x00007ffdaedf0000 - 0x00007ffdaee4b000 	C:\WINDOWS\System32\sechost.dll
0x00007ffdaee50000 - 0x00007ffdaef74000 	C:\WINDOWS\System32\RPCRT4.dll
0x00007ffdb0f90000 - 0x00007ffdb1120000 	C:\WINDOWS\System32\USER32.dll
0x00007ffdae8e0000 - 0x00007ffdae900000 	C:\WINDOWS\System32\win32u.dll
0x00007ffdaf0e0000 - 0x00007ffdaf108000 	C:\WINDOWS\System32\GDI32.dll
0x00007ffdae950000 - 0x00007ffdaeae2000 	C:\WINDOWS\System32\gdi32full.dll
0x00007ffdade30000 - 0x00007ffdadecf000 	C:\WINDOWS\System32\msvcp_win.dll
0x00007ffdada90000 - 0x00007ffdadb8a000 	C:\WINDOWS\System32\ucrtbase.dll
0x00007ffd9b840000 - 0x00007ffd9baa9000 	C:\WINDOWS\WinSxS\amd64_microsoft.windows.common-controls_6595b64144ccf1df_6.0.17134.345_none_fb429a5930656358\COMCTL32.dll
0x00007ffdb0aa0000 - 0x00007ffdb0dc3000 	C:\WINDOWS\System32\combase.dll
0x00007ffdae860000 - 0x00007ffdae8da000 	C:\WINDOWS\System32\bcryptPrimitives.dll
0x00007ffdb09a0000 - 0x00007ffdb09cd000 	C:\WINDOWS\System32\IMM32.DLL
0x0000000068db0000 - 0x0000000068e82000 	C:\Program Files\Java\jdk1.8.0_181\jre\bin\msvcr100.dll
0x0000000068500000 - 0x0000000068da2000 	C:\Program Files\Java\jdk1.8.0_181\jre\bin\server\jvm.dll
0x00007ffdb0ee0000 - 0x00007ffdb0ee8000 	C:\WINDOWS\System32\PSAPI.DLL
0x00007ffda9980000 - 0x00007ffda9989000 	C:\WINDOWS\SYSTEM32\WSOCK32.dll
0x00007ffdb1120000 - 0x00007ffdb118c000 	C:\WINDOWS\System32\WS2_32.dll
0x00007ffda1b50000 - 0x00007ffda1b73000 	C:\WINDOWS\SYSTEM32\WINMM.dll
0x00007ffda67f0000 - 0x00007ffda67fa000 	C:\WINDOWS\SYSTEM32\VERSION.dll
0x00007ffda1b20000 - 0x00007ffda1b4a000 	C:\WINDOWS\SYSTEM32\WINMMBASE.dll
0x00007ffdae900000 - 0x00007ffdae949000 	C:\WINDOWS\System32\cfgmgr32.dll
0x00000000684f0000 - 0x00000000684ff000 	C:\Program Files\Java\jdk1.8.0_181\jre\bin\verify.dll
0x00000000684c0000 - 0x00000000684e9000 	C:\Program Files\Java\jdk1.8.0_181\jre\bin\java.dll
0x0000000068460000 - 0x0000000068495000 	C:\Program Files\Java\jdk1.8.0_181\jre\bin\jdwp.dll
0x0000000068450000 - 0x0000000068458000 	C:\Program Files\Java\jdk1.8.0_181\jre\bin\npt.dll
0x0000000068420000 - 0x0000000068443000 	C:\Program Files\Java\jdk1.8.0_181\jre\bin\instrument.dll
0x00000000684a0000 - 0x00000000684b6000 	C:\Program Files\Java\jdk1.8.0_181\jre\bin\zip.dll
0x00007ffdaf110000 - 0x00007ffdb054f000 	C:\WINDOWS\System32\SHELL32.dll
0x00007ffdb1190000 - 0x00007ffdb1239000 	C:\WINDOWS\System32\shcore.dll
0x00007ffdae150000 - 0x00007ffdae85d000 	C:\WINDOWS\System32\windows.storage.dll
0x00007ffdb0a40000 - 0x00007ffdb0a91000 	C:\WINDOWS\System32\shlwapi.dll
0x00007ffdada50000 - 0x00007ffdada61000 	C:\WINDOWS\System32\kernel.appcore.dll
0x00007ffdad9d0000 - 0x00007ffdad9ef000 	C:\WINDOWS\System32\profapi.dll
0x00007ffdad9f0000 - 0x00007ffdada3c000 	C:\WINDOWS\System32\powrprof.dll
0x00007ffdada40000 - 0x00007ffdada4a000 	C:\WINDOWS\System32\FLTLIB.DLL
0x0000000068410000 - 0x0000000068419000 	C:\Program Files\Java\jdk1.8.0_181\jre\bin\dt_socket.dll
0x00007ffdad1f0000 - 0x00007ffdad256000 	C:\WINDOWS\system32\mswsock.dll

VM Arguments:
jvm_args: -agentlib:jdwp=transport=dt_socket,address=127.0.0.1:51271,suspend=y,server=n -javaagent:C:\Users\mori\.IdeaIC2018.2\system\captureAgent\debugger-agent.jar=file:/C:/Users/mori/AppData/Local/Temp/capture.props -Dfile.encoding=UTF-8 
java_command: Percolation
java_class_path (initial): C:\Program Files\Java\jdk1.8.0_181\jre\lib\charsets.jar;C:\Program Files\Java\jdk1.8.0_181\jre\lib\deploy.jar;C:\Program Files\Java\jdk1.8.0_181\jre\lib\ext\access-bridge-64.jar;C:\Program Files\Java\jdk1.8.0_181\jre\lib\ext\cldrdata.jar;C:\Program Files\Java\jdk1.8.0_181\jre\lib\ext\dnsns.jar;C:\Program Files\Java\jdk1.8.0_181\jre\lib\ext\jaccess.jar;C:\Program Files\Java\jdk1.8.0_181\jre\lib\ext\jfxrt.jar;C:\Program Files\Java\jdk1.8.0_181\jre\lib\ext\localedata.jar;C:\Program Files\Java\jdk1.8.0_181\jre\lib\ext\nashorn.jar;C:\Program Files\Java\jdk1.8.0_181\jre\lib\ext\sunec.jar;C:\Program Files\Java\jdk1.8.0_181\jre\lib\ext\sunjce_provider.jar;C:\Program Files\Java\jdk1.8.0_181\jre\lib\ext\sunmscapi.jar;C:\Program Files\Java\jdk1.8.0_181\jre\lib\ext\sunpkcs11.jar;C:\Program Files\Java\jdk1.8.0_181\jre\lib\ext\zipfs.jar;C:\Program Files\Java\jdk1.8.0_181\jre\lib\javaws.jar;C:\Program Files\Java\jdk1.8.0_181\jre\lib\jce.jar;C:\Program Files\Java\jdk1.8.0_181\jre\lib\jfr.jar;C:\Program Files\Java\jdk1.8.0_181\jre\lib\jfxswt.jar;C:\Program Files\Java\jdk1.8.0_181\jre\lib\jsse.jar;C:\Program Files\Java\jdk1.8.0_181\jre\lib\management-agent.jar;C:\Program Files\Java\jdk1.8.0_181\jre\lib\plugin.jar;C:\Program Files\Java\jdk1.8.0_181\jre\lib\resources.jar;C:\Program Files\Java\jdk1.8.0_181\jre\lib\rt.jar;C:\Users\mori\IdeaProjects\Week1\out\production\Week1;C:\Users\mori\IdeaProjects\Week1\src\algs4.jar;C:\Program Files\JetBrains\IntelliJ IDEA Community Edition 2018.2.4\lib\idea_rt.jar;C:\Users\mori\.IdeaIC2018.2\system\captureAgent\debugger-agent.jar
Launcher Type: SUN_STANDARD

Environment Variables:
PATH=C:\WINDOWS\system32;C:\WINDOWS;C:\WINDOWS\System32\Wbem;C:\WINDOWS\System32\WindowsPowerShell\v1.0\;C:\WINDOWS\System32\OpenSSH\;C:\Program Files (x86)\Java\jdk1.8.0_171;D:\WebDriver\SeleniumWebDriver;D:\;C:\Program Files\Git\cmd;C:\Users\mori\AppData\Local\Microsoft\WindowsApps;C:\Users\mori\AppData\Local\atom\bin
USERNAME=mori
OS=Windows_NT
PROCESSOR_IDENTIFIER=Intel64 Family 6 Model 158 Stepping 9, GenuineIntel



---------------  S Y S T E M  ---------------

OS: Windows 10.0 , 64 bit Build 17134 (10.0.17134.1)

CPU:total 4 (initial active 4) (4 cores per cpu, 1 threads per core) family 6 model 158 stepping 9, cmov, cx8, fxsr, mmx, sse, sse2, sse3, ssse3, sse4.1, sse4.2, popcnt, avx, avx2, aes, clmul, erms, rtm, 3dnowpref, lzcnt, tsc, tscinvbit, bmi1, bmi2, adx

Memory: 4k page, physical 8273884k(1079208k free), swap 13012524k(3106480k free)

vm_info: Java HotSpot(TM) 64-Bit Server VM (25.181-b13) for windows-amd64 JRE (1.8.0_181-b13), built on Jul  7 2018 04:01:33 by "java_re" with MS VC++ 10.0 (VS2010)

time: Tue Oct 16 17:59:11 2018
elapsed time: 2309 seconds (0d 0h 38m 29s)

